[1014/110614.116:ERROR:directory_reader_win.cc(43)] FindFirstFile: The system cannot find the path specified. (0x3)
[1015/114633.356:ERROR:directory_reader_win.cc(43)] FindFirstFile: The system cannot find the path specified. (0x3)
[1017/125119.916:ERROR:directory_reader_win.cc(43)] FindFirstFile: The system cannot find the path specified. (0x3)
[1017/232741.451:ERROR:process_memory_win.cc(73)] ReadMemory at 0x255912dead0 of 72 bytes failed: Only part of a ReadProcessMemory or WriteProcessMemory request was completed. (0x12B)
[1017/232741.839:WARNING:pe_image_annotations_reader.cc(135)] could not read annotations list object in C:\Program Files (x86)\Google\Chrome\Application\86.0.4240.75\chrome_elf.dll
[1017/232742.054:ERROR:process_memory_win.cc(73)] ReadMemory at 0x255913291e0 of 72 bytes failed: Only part of a ReadProcessMemory or WriteProcessMemory request was completed. (0x12B)
[1017/232742.081:WARNING:pe_image_annotations_reader.cc(135)] could not read annotations list object in C:\Program Files (x86)\Google\Chrome\Application\86.0.4240.75\chrome.dll
[1017/232742.355:ERROR:process_memory_win.cc(73)] ReadMemory at 0x255912dead0 of 72 bytes failed: Only part of a ReadProcessMemory or WriteProcessMemory request was completed. (0x12B)
[1017/232742.355:WARNING:pe_image_annotations_reader.cc(135)] could not read annotations list object in C:\Program Files (x86)\Google\Chrome\Application\86.0.4240.75\chrome_elf.dll
[1017/232742.356:ERROR:process_memory_win.cc(73)] ReadMemory at 0x255913291e0 of 72 bytes failed: Only part of a ReadProcessMemory or WriteProcessMemory request was completed. (0x12B)
[1017/232742.356:WARNING:pe_image_annotations_reader.cc(135)] could not read annotations list object in C:\Program Files (x86)\Google\Chrome\Application\86.0.4240.75\chrome.dll
[1017/232742.358:ERROR:process_memory_win.cc(73)] ReadMemory at 0x255912dead0 of 72 bytes failed: Only part of a ReadProcessMemory or WriteProcessMemory request was completed. (0x12B)
[1017/232742.358:WARNING:pe_image_annotations_reader.cc(135)] could not read annotations list object in C:\Program Files (x86)\Google\Chrome\Application\86.0.4240.75\chrome_elf.dll
[1017/232742.384:ERROR:process_memory_win.cc(73)] ReadMemory at 0x255913291e0 of 72 bytes failed: Only part of a ReadProcessMemory or WriteProcessMemory request was completed. (0x12B)
[1017/232742.384:WARNING:pe_image_annotations_reader.cc(135)] could not read annotations list object in C:\Program Files (x86)\Google\Chrome\Application\86.0.4240.75\chrome.dll
[1017/232742.643:ERROR:process_memory_win.cc(73)] ReadMemory at 0xf35b1da000 of 155648 bytes failed: Only part of a ReadProcessMemory or WriteProcessMemory request was completed. (0x12B)
[1017/232742.644:ERROR:process_memory_win.cc(73)] ReadMemory at 0xf35b9fe000 of 8192 bytes failed: Only part of a ReadProcessMemory or WriteProcessMemory request was completed. (0x12B)
[1017/232742.644:ERROR:process_memory_win.cc(73)] ReadMemory at 0xf35c9fe000 of 8192 bytes failed: Only part of a ReadProcessMemory or WriteProcessMemory request was completed. (0x12B)
[1017/232742.644:ERROR:process_memory_win.cc(73)] ReadMemory at 0xf35d1fd000 of 12288 bytes failed: Only part of a ReadProcessMemory or WriteProcessMemory request was completed. (0x12B)
[1017/232742.644:ERROR:process_memory_win.cc(73)] ReadMemory at 0xf35e1fe000 of 8192 bytes failed: Only part of a ReadProcessMemory or WriteProcessMemory request was completed. (0x12B)
[1017/232742.644:ERROR:process_memory_win.cc(73)] ReadMemory at 0xf35e9fe000 of 8192 bytes failed: Only part of a ReadProcessMemory or WriteProcessMemory request was completed. (0x12B)
[1017/232742.644:ERROR:process_memory_win.cc(73)] ReadMemory at 0xf35f1fc000 of 16384 bytes failed: Only part of a ReadProcessMemory or WriteProcessMemory request was completed. (0x12B)
[1017/232742.644:ERROR:process_memory_win.cc(73)] ReadMemory at 0xf3601fe000 of 8192 bytes failed: Only part of a ReadProcessMemory or WriteProcessMemory request was completed. (0x12B)
[1017/232742.645:ERROR:process_memory_win.cc(73)] ReadMemory at 0xf3609fc000 of 16384 bytes failed: Only part of a ReadProcessMemory or WriteProcessMemory request was completed. (0x12B)
[1017/232742.645:ERROR:process_memory_win.cc(73)] ReadMemory at 0xf3611fc000 of 16384 bytes failed: Only part of a ReadProcessMemory or WriteProcessMemory request was completed. (0x12B)
[1017/232742.645:ERROR:process_memory_win.cc(73)] ReadMemory at 0xf3619fe000 of 8192 bytes failed: Only part of a ReadProcessMemory or WriteProcessMemory request was completed. (0x12B)
[1017/232742.645:ERROR:process_memory_win.cc(73)] ReadMemory at 0xf35f9fe000 of 8192 bytes failed: Only part of a ReadProcessMemory or WriteProcessMemory request was completed. (0x12B)
[1017/232742.645:ERROR:process_memory_win.cc(73)] ReadMemory at 0xf35c1fc000 of 16384 bytes failed: Only part of a ReadProcessMemory or WriteProcessMemory request was completed. (0x12B)
[1017/232742.645:ERROR:process_memory_win.cc(73)] ReadMemory at 0xf35d9fe000 of 8192 bytes failed: Only part of a ReadProcessMemory or WriteProcessMemory request was completed. (0x12B)
[1017/232742.710:ERROR:process_memory_win.cc(73)] ReadMemory at 0xf35a86a000 of 6024 bytes failed: Only part of a ReadProcessMemory or WriteProcessMemory request was completed. (0x12B)
[1017/232742.710:ERROR:process_memory_win.cc(73)] ReadMemory at 0xf35a87e000 of 6024 bytes failed: Only part of a ReadProcessMemory or WriteProcessMemory request was completed. (0x12B)
[1017/232742.710:ERROR:process_memory_win.cc(73)] ReadMemory at 0xf35a95d000 of 852 bytes failed: Only part of a ReadProcessMemory or WriteProcessMemory request was completed. (0x12B)
[1017/232742.710:ERROR:process_memory_win.cc(73)] ReadMemory at 0xf35a95e000 of 6024 bytes failed: Only part of a ReadProcessMemory or WriteProcessMemory request was completed. (0x12B)
[1017/232742.710:ERROR:process_memory_win.cc(73)] ReadMemory at 0xf35a960000 of 6024 bytes failed: Only part of a ReadProcessMemory or WriteProcessMemory request was completed. (0x12B)
[1017/232742.710:ERROR:process_memory_win.cc(73)] ReadMemory at 0xf35a964000 of 6024 bytes failed: Only part of a ReadProcessMemory or WriteProcessMemory request was completed. (0x12B)
[1017/232742.710:ERROR:process_memory_win.cc(73)] ReadMemory at 0xf35a966000 of 6024 bytes failed: Only part of a ReadProcessMemory or WriteProcessMemory request was completed. (0x12B)
[1017/232742.711:ERROR:process_memory_win.cc(73)] ReadMemory at 0xf35a96a000 of 6024 bytes failed: Only part of a ReadProcessMemory or WriteProcessMemory request was completed. (0x12B)
[1017/232742.711:ERROR:process_memory_win.cc(73)] ReadMemory at 0xf35a96c000 of 6024 bytes failed: Only part of a ReadProcessMemory or WriteProcessMemory request was completed. (0x12B)
[1017/232742.711:ERROR:process_memory_win.cc(73)] ReadMemory at 0xf35a96e000 of 6024 bytes failed: Only part of a ReadProcessMemory or WriteProcessMemory request was completed. (0x12B)
[1017/232742.711:ERROR:process_memory_win.cc(73)] ReadMemory at 0xf35a972000 of 6024 bytes failed: Only part of a ReadProcessMemory or WriteProcessMemory request was completed. (0x12B)
[1017/232742.711:ERROR:process_memory_win.cc(73)] ReadMemory at 0xf35a974000 of 6024 bytes failed: Only part of a ReadProcessMemory or WriteProcessMemory request was completed. (0x12B)
[1017/232742.711:ERROR:process_memory_win.cc(73)] ReadMemory at 0xf35a976000 of 6024 bytes failed: Only part of a ReadProcessMemory or WriteProcessMemory request was completed. (0x12B)
[1017/232742.711:ERROR:process_memory_win.cc(73)] ReadMemory at 0xf35a978000 of 6024 bytes failed: Only part of a ReadProcessMemory or WriteProcessMemory request was completed. (0x12B)
[1017/232742.711:ERROR:process_memory_win.cc(73)] ReadMemory at 0xf35a97c000 of 6024 bytes failed: Only part of a ReadProcessMemory or WriteProcessMemory request was completed. (0x12B)
[1017/232742.712:ERROR:process_memory_win.cc(73)] ReadMemory at 0x255912d0000 of 384 bytes failed: Only part of a ReadProcessMemory or WriteProcessMemory request was completed. (0x12B)
[1017/232742.712:ERROR:process_memory_win.cc(73)] ReadMemory at 0x255912d0fe0 of 18826 bytes failed: Only part of a ReadProcessMemory or WriteProcessMemory request was completed. (0x12B)
[1017/232742.712:ERROR:process_memory_win.cc(73)] ReadMemory at 0x255912d5980 of 1012 bytes failed: Only part of a ReadProcessMemory or WriteProcessMemory request was completed. (0x12B)
[1017/232742.712:ERROR:process_memory_win.cc(73)] ReadMemory at 0x255912d5fc8 of 118 bytes failed: Only part of a ReadProcessMemory or WriteProcessMemory request was completed. (0x12B)
[1017/232742.728:ERROR:process_memory_win.cc(73)] ReadMemory at 0x255912d6040 of 712 bytes failed: Only part of a ReadProcessMemory or WriteProcessMemory request was completed. (0x12B)
[1017/232742.728:ERROR:process_memory_win.cc(73)] ReadMemory at 0x255912d630a of 118 bytes failed: Only part of a ReadProcessMemory or WriteProcessMemory request was completed. (0x12B)
[1017/232742.728:ERROR:process_memory_win.cc(73)] ReadMemory at 0x255912d6382 of 100 bytes failed: Only part of a ReadProcessMemory or WriteProcessMemory request was completed. (0x12B)
[1017/232742.768:ERROR:process_memory_win.cc(73)] ReadMemory at 0x255912d6400 of 58 bytes failed: Only part of a ReadProcessMemory or WriteProcessMemory request was completed. (0x12B)
[1017/232743.001:ERROR:process_memory_win.cc(73)] ReadMemory at 0x255912d6500 of 132 bytes failed: Only part of a ReadProcessMemory or WriteProcessMemory request was completed. (0x12B)
[1017/232743.131:ERROR:process_memory_win.cc(73)] ReadMemory at 0x255912d6690 of 132 bytes failed: Only part of a ReadProcessMemory or WriteProcessMemory request was completed. (0x12B)
[1017/232743.131:ERROR:process_memory_win.cc(73)] ReadMemory at 0x255912d6850 of 124 bytes failed: Only part of a ReadProcessMemory or WriteProcessMemory request was completed. (0x12B)
[1017/232743.131:ERROR:process_memory_win.cc(73)] ReadMemory at 0x255912d6d50 of 132 bytes failed: Only part of a ReadProcessMemory or WriteProcessMemory request was completed. (0x12B)
[1017/232743.132:ERROR:process_memory_win.cc(73)] ReadMemory at 0x255912d6ee0 of 64 bytes failed: Only part of a ReadProcessMemory or WriteProcessMemory request was completed. (0x12B)
[1017/232743.132:ERROR:process_memory_win.cc(73)] ReadMemory at 0x255912d70a0 of 132 bytes failed: Only part of a ReadProcessMemory or WriteProcessMemory request was completed. (0x12B)
[1017/232743.187:ERROR:process_memory_win.cc(73)] ReadMemory at 0x255912d7340 of 132 bytes failed: Only part of a ReadProcessMemory or WriteProcessMemory request was completed. (0x12B)
[1017/232743.187:ERROR:process_memory_win.cc(73)] ReadMemory at 0x255912d74d0 of 68 bytes failed: Only part of a ReadProcessMemory or WriteProcessMemory request was completed. (0x12B)
[1017/232743.187:ERROR:process_memory_win.cc(73)] ReadMemory at 0x255912d8580 of 132 bytes failed: Only part of a ReadProcessMemory or WriteProcessMemory request was completed. (0x12B)
[1017/232743.187:ERROR:process_memory_win.cc(73)] ReadMemory at 0x255912d8710 of 152 bytes failed: Only part of a ReadProcessMemory or WriteProcessMemory request was completed. (0x12B)
[1017/232743.187:ERROR:process_memory_win.cc(73)] ReadMemory at 0x255912d94e0 of 62 bytes failed: Only part of a ReadProcessMemory or WriteProcessMemory request was completed. (0x12B)
[1017/232743.188:ERROR:process_memory_win.cc(73)] ReadMemory at 0x255912d9640 of 132 bytes failed: Only part of a ReadProcessMemory or WriteProcessMemory request was completed. (0x12B)
[1017/232743.188:ERROR:process_memory_win.cc(73)] ReadMemory at 0x255912d97d0 of 60 bytes failed: Only part of a ReadProcessMemory or WriteProcessMemory request was completed. (0x12B)
[1017/232743.188:ERROR:process_memory_win.cc(73)] ReadMemory at 0x255912e9c60 of 62 bytes failed: Only part of a ReadProcessMemory or WriteProcessMemory request was completed. (0x12B)
[1017/232743.188:ERROR:process_memory_win.cc(73)] ReadMemory at 0x255912ead60 of 54 bytes failed: Only part of a ReadProcessMemory or WriteProcessMemory request was completed. (0x12B)
[1017/232743.188:ERROR:process_memory_win.cc(73)] ReadMemory at 0x255912eca40 of 80 bytes failed: Only part of a ReadProcessMemory or WriteProcessMemory request was completed. (0x12B)
[1017/232743.188:ERROR:process_memory_win.cc(73)] ReadMemory at 0x255912eee40 of 132 bytes failed: Only part of a ReadProcessMemory or WriteProcessMemory request was completed. (0x12B)
[1017/232743.220:ERROR:process_memory_win.cc(73)] ReadMemory at 0x255912ef260 of 76 bytes failed: Only part of a ReadProcessMemory or WriteProcessMemory request was completed. (0x12B)
[1017/232743.220:ERROR:process_memory_win.cc(73)] ReadMemory at 0x255912efc80 of 80 bytes failed: Only part of a ReadProcessMemory or WriteProcessMemory request was completed. (0x12B)
[1017/232743.220:ERROR:process_memory_win.cc(73)] ReadMemory at 0x255912f1990 of 132 bytes failed: Only part of a ReadProcessMemory or WriteProcessMemory request was completed. (0x12B)
[1017/232743.221:ERROR:process_memory_win.cc(73)] ReadMemory at 0x255912f1ac0 of 132 bytes failed: Only part of a ReadProcessMemory or WriteProcessMemory request was completed. (0x12B)
[1017/232743.221:ERROR:process_memory_win.cc(73)] ReadMemory at 0x255912f1bf0 of 132 bytes failed: Only part of a ReadProcessMemory or WriteProcessMemory request was completed. (0x12B)
[1017/232743.221:ERROR:process_memory_win.cc(73)] ReadMemory at 0x255912f1fb0 of 144 bytes failed: Only part of a ReadProcessMemory or WriteProcessMemory request was completed. (0x12B)
[1017/232743.221:ERROR:process_memory_win.cc(73)] ReadMemory at 0x255912f3840 of 132 bytes failed: Only part of a ReadProcessMemory or WriteProcessMemory request was completed. (0x12B)
[1017/232743.245:ERROR:process_memory_win.cc(73)] ReadMemory at 0x255912f3cc0 of 132 bytes failed: Only part of a ReadProcessMemory or WriteProcessMemory request was completed. (0x12B)
[1017/232743.245:ERROR:process_memory_win.cc(73)] ReadMemory at 0x255912f4970 of 60 bytes failed: Only part of a ReadProcessMemory or WriteProcessMemory request was completed. (0x12B)
[1017/232743.245:ERROR:process_memory_win.cc(73)] ReadMemory at 0x255912f49c0 of 62 bytes failed: Only part of a ReadProcessMemory or WriteProcessMemory request was completed. (0x12B)
[1017/232743.245:ERROR:process_memory_win.cc(73)] ReadMemory at 0x255912f4a10 of 64 bytes failed: Only part of a ReadProcessMemory or WriteProcessMemory request was completed. (0x12B)
[1017/232743.246:ERROR:process_memory_win.cc(73)] ReadMemory at 0x255912f4a60 of 60 bytes failed: Only part of a ReadProcessMemory or WriteProcessMemory request was completed. (0x12B)
[1017/232743.246:ERROR:process_memory_win.cc(73)] ReadMemory at 0x255912f4ba0 of 58 bytes failed: Only part of a ReadProcessMemory or WriteProcessMemory request was completed. (0x12B)
[1017/232743.246:ERROR:process_memory_win.cc(73)] ReadMemory at 0x255912f4d30 of 62 bytes failed: Only part of a ReadProcessMemory or WriteProcessMemory request was completed. (0x12B)
[1017/232743.246:ERROR:process_memory_win.cc(73)] ReadMemory at 0x255912f4d80 of 60 bytes failed: Only part of a ReadProcessMemory or WriteProcessMemory request was completed. (0x12B)
[1017/232743.247:ERROR:process_memory_win.cc(73)] ReadMemory at 0x255912f4dd0 of 60 bytes failed: Only part of a ReadProcessMemory or WriteProcessMemory request was completed. (0x12B)
[1017/232743.247:ERROR:process_memory_win.cc(73)] ReadMemory at 0x255912f4e70 of 62 bytes failed: Only part of a ReadProcessMemory or WriteProcessMemory request was completed. (0x12B)
[1017/232743.247:ERROR:process_memory_win.cc(73)] ReadMemory at 0x255912f4ec0 of 64 bytes failed: Only part of a ReadProcessMemory or WriteProcessMemory request was completed. (0x12B)
[1017/232743.247:ERROR:process_memory_win.cc(73)] ReadMemory at 0x255912f4f10 of 62 bytes failed: Only part of a ReadProcessMemory or WriteProcessMemory request was completed. (0x12B)
[1017/232743.247:ERROR:process_memory_win.cc(73)] ReadMemory at 0x255912f4f60 of 66 bytes failed: Only part of a ReadProcessMemory or WriteProcessMemory request was completed. (0x12B)
[1017/232743.248:ERROR:process_memory_win.cc(73)] ReadMemory at 0x255912f5000 of 66 bytes failed: Only part of a ReadProcessMemory or WriteProcessMemory request was completed. (0x12B)
[1017/232743.278:ERROR:process_memory_win.cc(73)] ReadMemory at 0x255912f5050 of 64 bytes failed: Only part of a ReadProcessMemory or WriteProcessMemory request was completed. (0x12B)
[1017/232743.278:ERROR:process_memory_win.cc(73)] ReadMemory at 0x255912f50a0 of 62 bytes failed: Only part of a ReadProcessMemory or WriteProcessMemory request was completed. (0x12B)
[1017/232743.288:ERROR:process_memory_win.cc(73)] ReadMemory at 0x255912f50f0 of 64 bytes failed: Only part of a ReadProcessMemory or WriteProcessMemory request was completed. (0x12B)
[1017/232743.289:ERROR:process_memory_win.cc(73)] ReadMemory at 0x255912f5140 of 60 bytes failed: Only part of a ReadProcessMemory or WriteProcessMemory request was completed. (0x12B)
[1017/232743.327:ERROR:process_memory_win.cc(73)] ReadMemory at 0x255912f5190 of 62 bytes failed: Only part of a ReadProcessMemory or WriteProcessMemory request was completed. (0x12B)
[1017/232743.327:ERROR:process_memory_win.cc(73)] ReadMemory at 0x255912f5320 of 60 bytes failed: Only part of a ReadProcessMemory or WriteProcessMemory request was completed. (0x12B)
[1017/232743.328:ERROR:process_memory_win.cc(73)] ReadMemory at 0x255912f54b0 of 62 bytes failed: Only part of a ReadProcessMemory or WriteProcessMemory request was completed. (0x12B)
[1017/232743.328:ERROR:process_memory_win.cc(73)] ReadMemory at 0x255912f5500 of 62 bytes failed: Only part of a ReadProcessMemory or WriteProcessMemory request was completed. (0x12B)
[1017/232743.328:ERROR:process_memory_win.cc(73)] ReadMemory at 0x255912f5640 of 62 bytes failed: Only part of a ReadProcessMemory or WriteProcessMemory request was completed. (0x12B)
[1017/232743.329:ERROR:process_memory_win.cc(73)] ReadMemory at 0x255912f5690 of 64 bytes failed: Only part of a ReadProcessMemory or WriteProcessMemory request was completed. (0x12B)
[1017/232743.329:ERROR:process_memory_win.cc(73)] ReadMemory at 0x255912f56e0 of 64 bytes failed: Only part of a ReadProcessMemory or WriteProcessMemory request was completed. (0x12B)
[1017/232743.329:ERROR:process_memory_win.cc(73)] ReadMemory at 0x255912f5730 of 64 bytes failed: Only part of a ReadProcessMemory or WriteProcessMemory request was completed. (0x12B)
[1017/232743.329:ERROR:process_memory_win.cc(73)] ReadMemory at 0x255912f5780 of 64 bytes failed: Only part of a ReadProcessMemory or WriteProcessMemory request was completed. (0x12B)
[1017/232743.330:ERROR:process_memory_win.cc(73)] ReadMemory at 0x255912f7a30 of 132 bytes failed: Only part of a ReadProcessMemory or WriteProcessMemory request was completed. (0x12B)
[1017/232743.330:ERROR:process_memory_win.cc(73)] ReadMemory at 0x255912fa2f0 of 132 bytes failed: Only part of a ReadProcessMemory or WriteProcessMemory request was completed. (0x12B)
[1017/232743.346:ERROR:process_memory_win.cc(73)] ReadMemory at 0x255912fa420 of 132 bytes failed: Only part of a ReadProcessMemory or WriteProcessMemory request was completed. (0x12B)
[1017/232743.346:ERROR:process_memory_win.cc(73)] ReadMemory at 0x255912fa550 of 132 bytes failed: Only part of a ReadProcessMemory or WriteProcessMemory request was completed. (0x12B)
[1017/232743.346:ERROR:process_memory_win.cc(73)] ReadMemory at 0x255912fa680 of 132 bytes failed: Only part of a ReadProcessMemory or WriteProcessMemory request was completed. (0x12B)
[1017/232743.346:ERROR:process_memory_win.cc(73)] ReadMemory at 0x255912fa7b0 of 132 bytes failed: Only part of a ReadProcessMemory or WriteProcessMemory request was completed. (0x12B)
[1017/232743.346:ERROR:process_memory_win.cc(73)] ReadMemory at 0x255912faa10 of 132 bytes failed: Only part of a ReadProcessMemory or WriteProcessMemory request was completed. (0x12B)
[1017/232743.346:ERROR:process_memory_win.cc(73)] ReadMemory at 0x255912fab40 of 132 bytes failed: Only part of a ReadProcessMemory or WriteProcessMemory request was completed. (0x12B)
[1017/232743.347:ERROR:process_memory_win.cc(73)] ReadMemory at 0x255912fac70 of 132 bytes failed: Only part of a ReadProcessMemory or WriteProcessMemory request was completed. (0x12B)
[1017/232743.347:ERROR:process_memory_win.cc(73)] ReadMemory at 0x255912fada0 of 132 bytes failed: Only part of a ReadProcessMemory or WriteProcessMemory request was completed. (0x12B)
[1017/232743.347:ERROR:process_memory_win.cc(73)] ReadMemory at 0x255912faed0 of 132 bytes failed: Only part of a ReadProcessMemory or WriteProcessMemory request was completed. (0x12B)
[1017/232743.347:ERROR:process_memory_win.cc(73)] ReadMemory at 0x255912fb000 of 132 bytes failed: Only part of a ReadProcessMemory or WriteProcessMemory request was completed. (0x12B)
[1017/232743.347:ERROR:process_memory_win.cc(73)] ReadMemory at 0x255912fb130 of 132 bytes failed: Only part of a ReadProcessMemory or WriteProcessMemory request was completed. (0x12B)
[1017/232743.483:ERROR:process_memory_win.cc(73)] ReadMemory at 0x255912ff3e0 of 132 bytes failed: Only part of a ReadProcessMemory or WriteProcessMemory request was completed. (0x12B)
[1017/232743.483:ERROR:process_memory_win.cc(73)] ReadMemory at 0x255912ff600 of 132 bytes failed: Only part of a ReadProcessMemory or WriteProcessMemory request was completed. (0x12B)
[1017/232743.483:ERROR:process_memory_win.cc(73)] ReadMemory at 0x255912ff960 of 132 bytes failed: Only part of a ReadProcessMemory or WriteProcessMemory request was completed. (0x12B)
[1017/232743.483:ERROR:process_memory_win.cc(73)] ReadMemory at 0x255913004b0 of 132 bytes failed: Only part of a ReadProcessMemory or WriteProcessMemory request was completed. (0x12B)
[1017/232743.483:ERROR:process_memory_win.cc(73)] ReadMemory at 0x255913005e0 of 132 bytes failed: Only part of a ReadProcessMemory or WriteProcessMemory request was completed. (0x12B)
[1017/232743.483:ERROR:process_memory_win.cc(73)] ReadMemory at 0x25591300710 of 132 bytes failed: Only part of a ReadProcessMemory or WriteProcessMemory request was completed. (0x12B)
[1017/232743.484:ERROR:process_memory_win.cc(73)] ReadMemory at 0x25591300aa0 of 132 bytes failed: Only part of a ReadProcessMemory or WriteProcessMemory request was completed. (0x12B)
[1017/232743.484:ERROR:process_memory_win.cc(73)] ReadMemory at 0x25591300bd0 of 132 bytes failed: Only part of a ReadProcessMemory or WriteProcessMemory request was completed. (0x12B)
[1017/232743.484:ERROR:process_memory_win.cc(73)] ReadMemory at 0x25591300d00 of 132 bytes failed: Only part of a ReadProcessMemory or WriteProcessMemory request was completed. (0x12B)
[1017/232743.484:ERROR:process_memory_win.cc(73)] ReadMemory at 0x25591300e30 of 132 bytes failed: Only part of a ReadProcessMemory or WriteProcessMemory request was completed. (0x12B)
[1017/232743.484:ERROR:process_memory_win.cc(73)] ReadMemory at 0x25591300f60 of 132 bytes failed: Only part of a ReadProcessMemory or WriteProcessMemory request was completed. (0x12B)
[1017/232743.484:ERROR:process_memory_win.cc(73)] ReadMemory at 0x25591301090 of 132 bytes failed: Only part of a ReadProcessMemory or WriteProcessMemory request was completed. (0x12B)
[1017/232743.484:ERROR:process_memory_win.cc(73)] ReadMemory at 0x255913012f0 of 132 bytes failed: Only part of a ReadProcessMemory or WriteProcessMemory request was completed. (0x12B)
[1017/232743.484:ERROR:process_memory_win.cc(73)] ReadMemory at 0x255913512b0 of 512 bytes failed: Only part of a ReadProcessMemory or WriteProcessMemory request was completed. (0x12B)
[1017/232743.485:ERROR:process_memory_win.cc(73)] ReadMemory at 0x25591361ab0 of 512 bytes failed: Only part of a ReadProcessMemory or WriteProcessMemory request was completed. (0x12B)
[1017/232743.543:ERROR:process_memory_win.cc(73)] ReadMemory at 0x255913690b0 of 512 bytes failed: Only part of a ReadProcessMemory or WriteProcessMemory request was completed. (0x12B)
[1017/232743.543:ERROR:process_memory_win.cc(73)] ReadMemory at 0x2559136cdb0 of 512 bytes failed: Only part of a ReadProcessMemory or WriteProcessMemory request was completed. (0x12B)
[1017/232743.584:ERROR:process_memory_win.cc(73)] ReadMemory at 0x255913740c0 of 712 bytes failed: Only part of a ReadProcessMemory or WriteProcessMemory request was completed. (0x12B)
[1017/232743.585:ERROR:process_memory_win.cc(73)] ReadMemory at 0x25591399ec0 of 512 bytes failed: Only part of a ReadProcessMemory or WriteProcessMemory request was completed. (0x12B)
[1017/232743.585:ERROR:process_memory_win.cc(73)] ReadMemory at 0x2559139f620 of 512 bytes failed: Only part of a ReadProcessMemory or WriteProcessMemory request was completed. (0x12B)
[1017/232743.585:ERROR:process_memory_win.cc(73)] ReadMemory at 0x255913b6608 of 512 bytes failed: Only part of a ReadProcessMemory or WriteProcessMemory request was completed. (0x12B)
[1017/232743.618:ERROR:process_memory_win.cc(73)] ReadMemory at 0x255913b7028 of 512 bytes failed: Only part of a ReadProcessMemory or WriteProcessMemory request was completed. (0x12B)
[1017/232743.618:ERROR:process_memory_win.cc(73)] ReadMemory at 0x255913b74a8 of 512 bytes failed: Only part of a ReadProcessMemory or WriteProcessMemory request was completed. (0x12B)
[1017/232743.618:ERROR:process_memory_win.cc(73)] ReadMemory at 0x255914c0c40 of 512 bytes failed: Only part of a ReadProcessMemory or WriteProcessMemory request was completed. (0x12B)
[1017/232743.619:ERROR:process_memory_win.cc(73)] ReadMemory at 0x25592cc0bb0 of 512 bytes failed: Only part of a ReadProcessMemory or WriteProcessMemory request was completed. (0x12B)
[1017/232743.619:ERROR:process_memory_win.cc(73)] ReadMemory at 0x25592cc3a90 of 512 bytes failed: Only part of a ReadProcessMemory or WriteProcessMemory request was completed. (0x12B)
[1017/232743.619:ERROR:process_memory_win.cc(73)] ReadMemory at 0x25592cdd410 of 512 bytes failed: Only part of a ReadProcessMemory or WriteProcessMemory request was completed. (0x12B)
[1017/232743.619:ERROR:process_memory_win.cc(73)] ReadMemory at 0x25592cdddc0 of 512 bytes failed: Only part of a ReadProcessMemory or WriteProcessMemory request was completed. (0x12B)
[1017/232743.620:ERROR:process_memory_win.cc(73)] ReadMemory at 0x25592cf8780 of 512 bytes failed: Only part of a ReadProcessMemory or WriteProcessMemory request was completed. (0x12B)
[1017/232743.653:ERROR:process_memory_win.cc(73)] ReadMemory at 0x25592d91186 of 512 bytes failed: Only part of a ReadProcessMemory or WriteProcessMemory request was completed. (0x12B)
[1017/232743.682:ERROR:process_memory_win.cc(73)] ReadMemory at 0x25592d91392 of 512 bytes failed: Only part of a ReadProcessMemory or WriteProcessMemory request was completed. (0x12B)
[1017/232743.682:ERROR:process_memory_win.cc(73)] ReadMemory at 0x25592d91696 of 512 bytes failed: Only part of a ReadProcessMemory or WriteProcessMemory request was completed. (0x12B)
[1017/232743.682:ERROR:process_memory_win.cc(73)] ReadMemory at 0x2559302d0d0 of 512 bytes failed: Only part of a ReadProcessMemory or WriteProcessMemory request was completed. (0x12B)
[1017/232743.683:ERROR:process_memory_win.cc(73)] ReadMemory at 0x2559ad0b960 of 512 bytes failed: Only part of a ReadProcessMemory or WriteProcessMemory request was completed. (0x12B)
[1017/232743.683:ERROR:process_memory_win.cc(73)] ReadMemory at 0x255a93149b0 of 512 bytes failed: Only part of a ReadProcessMemory or WriteProcessMemory request was completed. (0x12B)
[1017/232743.683:ERROR:process_memory_win.cc(73)] ReadMemory at 0x255ae09d420 of 528 bytes failed: Only part of a ReadProcessMemory or WriteProcessMemory request was completed. (0x12B)
[1017/232743.683:ERROR:process_memory_win.cc(73)] ReadMemory at 0x255bf144680 of 512 bytes failed: Only part of a ReadProcessMemory or WriteProcessMemory request was completed. (0x12B)
[1017/232743.684:ERROR:process_memory_win.cc(73)] ReadMemory at 0x255c1135e60 of 512 bytes failed: Only part of a ReadProcessMemory or WriteProcessMemory request was completed. (0x12B)
[1017/232743.684:ERROR:process_memory_win.cc(73)] ReadMemory at 0x255c1258897 of 512 bytes failed: Only part of a ReadProcessMemory or WriteProcessMemory request was completed. (0x12B)
[1017/232743.685:ERROR:process_memory_win.cc(73)] ReadMemory at 0x7ff88ee95810 of 512 bytes failed: Only part of a ReadProcessMemory or WriteProcessMemory request was completed. (0x12B)
[1017/232743.685:ERROR:process_memory_win.cc(73)] ReadMemory at 0x7ff88ee95ed7 of 512 bytes failed: Only part of a ReadProcessMemory or WriteProcessMemory request was completed. (0x12B)
[1017/232743.685:ERROR:process_memory_win.cc(73)] ReadMemory at 0x7ff8a9b61fd0 of 512 bytes failed: Only part of a ReadProcessMemory or WriteProcessMemory request was completed. (0x12B)
[1017/232743.686:ERROR:process_memory_win.cc(73)] ReadMemory at 0x7ff8aac00763 of 512 bytes failed: Only part of a ReadProcessMemory or WriteProcessMemory request was completed. (0x12B)
[1017/232743.698:ERROR:process_memory_win.cc(73)] ReadMemory at 0x7ff8aac5c0c4 of 672 bytes failed: Only part of a ReadProcessMemory or WriteProcessMemory request was completed. (0x12B)
[1017/232743.698:ERROR:process_memory_win.cc(73)] ReadMemory at 0x7ff8aac5f974 of 608 bytes failed: Only part of a ReadProcessMemory or WriteProcessMemory request was completed. (0x12B)
[1017/232743.698:ERROR:process_memory_win.cc(73)] ReadMemory at 0x7ff8aacec428 of 18 bytes failed: Only part of a ReadProcessMemory or WriteProcessMemory request was completed. (0x12B)
[1017/232743.698:ERROR:process_memory_win.cc(73)] ReadMemory at 0x7ff8aad1f4f8 of 40 bytes failed: Only part of a ReadProcessMemory or WriteProcessMemory request was completed. (0x12B)
[1017/232743.699:ERROR:process_memory_win.cc(73)] ReadMemory at 0x7ff8aad1f978 of 48 bytes failed: Only part of a ReadProcessMemory or WriteProcessMemory request was completed. (0x12B)
[1017/232743.718:ERROR:process_memory_win.cc(73)] ReadMemory at 0x7ff8aad253c0 of 64 bytes failed: Only part of a ReadProcessMemory or WriteProcessMemory request was completed. (0x12B)
[1017/232743.754:ERROR:scoped_process_suspend.cc(40)] NtResumeProcess: An attempt was made to access an exiting process. (0xc000010a)
[1018/000605.871:ERROR:directory_reader_win.cc(43)] FindFirstFile: The system cannot find the path specified. (0x3)
[1018/121102.191:ERROR:directory_reader_win.cc(43)] FindFirstFile: The system cannot find the path specified. (0x3)
[1019/103731.564:ERROR:directory_reader_win.cc(43)] FindFirstFile: The system cannot find the path specified. (0x3)
[1020/105735.646:ERROR:directory_reader_win.cc(43)] FindFirstFile: The system cannot find the path specified. (0x3)
[1021/110447.671:ERROR:directory_reader_win.cc(43)] FindFirstFile: The system cannot find the path specified. (0x3)
[1021/134601.976:ERROR:directory_reader_win.cc(43)] FindFirstFile: The system cannot find the path specified. (0x3)
[1022/111659.176:ERROR:directory_reader_win.cc(43)] FindFirstFile: The system cannot find the path specified. (0x3)
[1022/222456.522:ERROR:directory_reader_win.cc(43)] FindFirstFile: The system cannot find the path specified. (0x3)
