[debug] [2021-01-06T11:07:42.714Z] ----------------------------------------------------------------------
[debug] [2021-01-06T11:07:42.716Z] Command:       C:\Program Files\nodejs\node.exe C:\Users\kasun-pc\AppData\Roaming\npm\node_modules\firebase-tools\lib\bin\firebase.js deploy -P my-stagging
[debug] [2021-01-06T11:07:42.716Z] CLI Version:   9.0.1
[debug] [2021-01-06T11:07:42.716Z] Platform:      win32
[debug] [2021-01-06T11:07:42.716Z] Node Version:  v12.4.0
[debug] [2021-01-06T11:07:42.764Z] Time:          Wed Jan 06 2021 16:37:42 GMT+0530 (India Standard Time)
[debug] [2021-01-06T11:07:42.764Z] ----------------------------------------------------------------------
[debug] [2021-01-06T11:07:42.764Z] 
[debug] [2021-01-06T11:07:42.825Z] > command requires scopes: ["email","openid","https://www.googleapis.com/auth/cloudplatformprojects.readonly","https://www.googleapis.com/auth/firebase","https://www.googleapis.com/auth/cloud-platform"]
[debug] [2021-01-06T11:07:42.826Z] > authorizing via signed-in user
[debug] [2021-01-06T11:07:42.826Z] [iam] checking project homecarecity for permissions ["firebase.projects.get","firebasehosting.sites.update"]
[debug] [2021-01-06T11:07:42.835Z] > refreshing access token with scopes: ["email","https://www.googleapis.com/auth/cloud-platform","https://www.googleapis.com/auth/cloudplatformprojects.readonly","https://www.googleapis.com/auth/firebase","openid"]
[debug] [2021-01-06T11:07:42.836Z] >>> HTTP REQUEST POST https://www.googleapis.com/oauth2/v3/token  
 <request body omitted>
[debug] [2021-01-06T11:07:42.990Z] [iam] error while checking permissions, command may fail: FirebaseError: Authentication Error: Your credentials are no longer valid. Please run firebase login --reauth

For CI servers and headless environments, generate a new token with firebase login:ci
[debug] [2021-01-06T11:07:42.991Z] > refreshing access token with scopes: ["email","https://www.googleapis.com/auth/cloud-platform","https://www.googleapis.com/auth/cloudplatformprojects.readonly","https://www.googleapis.com/auth/firebase","openid"]
[debug] [2021-01-06T11:07:42.991Z] >>> HTTP REQUEST POST https://www.googleapis.com/oauth2/v3/token  
 <request body omitted>
[debug] [2021-01-06T11:07:42.996Z] Authentication Error: Your credentials are no longer valid. Please run firebase login --reauth

For CI servers and headless environments, generate a new token with firebase login:ci
[debug] [2021-01-06T11:07:43.007Z] FirebaseError: Authentication Error: Your credentials are no longer valid. Please run firebase login --reauth

For CI servers and headless environments, generate a new token with firebase login:ci
    at Object.<anonymous> (C:\Users\kasun-pc\AppData\Roaming\npm\node_modules\firebase-tools\lib\auth.js:23:32)
    at Module._compile (internal/modules/cjs/loader.js:774:30)
    at Object.Module._extensions..js (internal/modules/cjs/loader.js:785:10)
    at Module.load (internal/modules/cjs/loader.js:641:32)
    at Function.Module._load (internal/modules/cjs/loader.js:556:12)
    at Module.require (internal/modules/cjs/loader.js:681:19)
    at require (internal/modules/cjs/helpers.js:16:16)
    at Object.<anonymous> (C:\Users\kasun-pc\AppData\Roaming\npm\node_modules\firebase-tools\lib\init\features\hosting\github.js:11:16)
    at Module._compile (internal/modules/cjs/loader.js:774:30)
    at Object.Module._extensions..js (internal/modules/cjs/loader.js:785:10)
    at Module.load (internal/modules/cjs/loader.js:641:32)
    at Function.Module._load (internal/modules/cjs/loader.js:556:12)
    at Module.require (internal/modules/cjs/loader.js:681:19)
    at require (internal/modules/cjs/helpers.js:16:16)
    at Object.<anonymous> (C:\Users\kasun-pc\AppData\Roaming\npm\node_modules\firebase-tools\lib\init\features\hosting\index.js:5:24)
    at Module._compile (internal/modules/cjs/loader.js:774:30)
[error] 
[error] Error: Failed to get Firebase project homecarecity. Please make sure the project exists and your account has permission to access it.
